This is pdfTeX, Version 3.1415926-2.5-1.40.14 (MiKTeX 2.9) (preloaded format=pdflatex 2014.1.7)  11 AUG 2014 22:13
entering extended mode
**DDR.tex
("D:\Documents\Work and Professional\CSR\Technical Reports\WhyR\DDR.tex"
LaTeX2e <2011/06/27>
Babel <v3.8m> and hyphenation patterns for english, afrikaans, ancientgreek, ar
abic, armenian, assamese, basque, bengali, bokmal, bulgarian, catalan, coptic, 
croatian, czech, danish, dutch, esperanto, estonian, farsi, finnish, french, ga
lician, german, german-x-2013-05-26, greek, gujarati, hindi, hungarian, iceland
ic, indonesian, interlingua, irish, italian, kannada, kurmanji, latin, latvian,
 lithuanian, malayalam, marathi, mongolian, mongolianlmc, monogreek, ngerman, n
german-x-2013-05-26, nynorsk, oriya, panjabi, pinyin, polish, portuguese, roman
ian, russian, sanskrit, serbian, slovak, slovenian, spanish, swedish, swissgerm
an, tamil, telugu, turkish, turkmen, ukenglish, ukrainian, uppersorbian, usengl
ishmax, welsh, loaded.
(D:\Programs\MiKTeX\tex\latex\tufte-latex\tufte-handout.cls
Document Class: tufte-handout 2009/12/11 v3.5.0 Tufte-handout class
(D:\Programs\MiKTeX\tex\latex\tufte-latex\tufte-common.def
File: tufte-common.def 2009/12/11 v3.5.0 Common code for the Tufte-LaTeX styles


(D:\Programs\MiKTeX\tex\latex\xkeyval\xkeyval.sty
Package: xkeyval 2012/10/14 v2.6b package option processing (HA)

(D:\Programs\MiKTeX\tex\generic\xkeyval\xkeyval.tex
\XKV@toks=\toks14
\XKV@tempa@toks=\toks15
\XKV@depth=\count79
File: xkeyval.tex 2012/10/14 v2.6b key=value parser (HA)

(D:\Programs\MiKTeX\tex\generic\xkeyval\keyval.tex)))
(D:\Programs\MiKTeX\tex\latex\xifthen\xifthen.sty
Package: xifthen 2009/04/17 v1.3 Extended ifthen features

(D:\Programs\MiKTeX\tex\latex\misc\etex.sty
Package: etex 1998/03/26 v2.0 eTeX basic definition package (PEB)
\et@xins=\count80
)
(D:\Programs\MiKTeX\tex\latex\tools\calc.sty
Package: calc 2007/08/22 v4.3 Infix arithmetic (KKT,FJ)
\calc@Acount=\count81
\calc@Bcount=\count82
\calc@Adimen=\dimen102
\calc@Bdimen=\dimen103
\calc@Askip=\skip41
\calc@Bskip=\skip42
LaTeX Info: Redefining \setlength on input line 76.
LaTeX Info: Redefining \addtolength on input line 77.
\calc@Ccount=\count83
\calc@Cskip=\skip43
)
(D:\Programs\MiKTeX\tex\latex\base\ifthen.sty
Package: ifthen 2001/05/26 v1.1c Standard LaTeX ifthen package (DPC)
)
(D:\Programs\MiKTeX\tex\latex\ifmtarg\ifmtarg.sty
Package: ifmtarg 2009/09/02 v1.2a check for an empty argument
))
Class tufte-handout Info: Passing english to the `article' class..
Class tufte-handout Info: Loading the base class `article'.

(D:\Programs\MiKTeX\tex\latex\base\article.cls
Document Class: article 2007/10/19 v1.4h Standard LaTeX document class
(D:\Programs\MiKTeX\tex\latex\base\size10.clo
File: size10.clo 2007/10/19 v1.4h Standard LaTeX file (size option)
)
\c@part=\count84
\c@section=\count85
\c@subsection=\count86
\c@subsubsection=\count87
\c@paragraph=\count88
\c@subparagraph=\count89
\c@figure=\count90
\c@table=\count91
\abovecaptionskip=\skip44
\belowcaptionskip=\skip45
\bibindent=\dimen104
)
(D:\Programs\MiKTeX\tex\generic\oberdiek\ifpdf.sty
Package: ifpdf 2011/01/30 v2.3 Provides the ifpdf switch (HO)
Package ifpdf Info: pdfTeX in PDF mode is detected.
)
(D:\Programs\MiKTeX\tex\generic\ifxetex\ifxetex.sty
Package: ifxetex 2010/09/12 v0.6 Provides ifxetex conditional
)
(D:\Programs\MiKTeX\tex\latex\titlesec\titlesec.sty
Package: titlesec 2011/12/15 v2.10.0 Sectioning titles
\ttl@box=\box26
\beforetitleunit=\skip46
\aftertitleunit=\skip47
\ttl@plus=\dimen105
\ttl@minus=\dimen106
\ttl@toksa=\toks16
\titlewidth=\dimen107
\titlewidthlast=\dimen108
\titlewidthfirst=\dimen109
)
(D:\Programs\MiKTeX\tex\latex\titlesec\titletoc.sty
Package: titletoc 2011/12/15 v1.6 TOC entries
\ttl@leftsep=\dimen110
)
(D:\Programs\MiKTeX\tex\latex\ms\ragged2e.sty
Package: ragged2e 2009/05/21 v2.1 ragged2e Package (MS)

(D:\Programs\MiKTeX\tex\latex\ms\everysel.sty
Package: everysel 2011/10/28 v1.2 EverySelectfont Package (MS)
)
\CenteringLeftskip=\skip48
\RaggedLeftLeftskip=\skip49
\RaggedRightLeftskip=\skip50
\CenteringRightskip=\skip51
\RaggedLeftRightskip=\skip52
\RaggedRightRightskip=\skip53
\CenteringParfillskip=\skip54
\RaggedLeftParfillskip=\skip55
\RaggedRightParfillskip=\skip56
\JustifyingParfillskip=\skip57
\CenteringParindent=\skip58
\RaggedLeftParindent=\skip59
\RaggedRightParindent=\skip60
\JustifyingParindent=\skip61
)
(D:\Programs\MiKTeX\tex\latex\geometry\geometry.sty
Package: geometry 2010/09/12 v5.6 Page Geometry

(D:\Programs\MiKTeX\tex\generic\oberdiek\ifvtex.sty
Package: ifvtex 2010/03/01 v1.5 Detect VTeX and its facilities (HO)
Package ifvtex Info: VTeX not detected.
)
\Gm@cnth=\count92
\Gm@cntv=\count93
\c@Gm@tempcnt=\count94
\Gm@bindingoffset=\dimen111
\Gm@wd@mp=\dimen112
\Gm@odd@mp=\dimen113
\Gm@even@mp=\dimen114
\Gm@layoutwidth=\dimen115
\Gm@layoutheight=\dimen116
\Gm@layouthoffset=\dimen117
\Gm@layoutvoffset=\dimen118
\Gm@dimlist=\toks17

(D:\Programs\MiKTeX\tex\latex\geometry\geometry.cfg))
(D:\Programs\MiKTeX\tex\latex\changepage\changepage.sty
Package: changepage 2009/10/20 v1.0c check page and change page layout
\c@cp@cntr=\count95
\cp@tempcnt=\count96
)
\@tufte@overhang=\skip62
\@tufte@fullwidth=\skip63
\@tufte@caption@fill=\skip64

(D:\Programs\MiKTeX\tex\latex\paralist\paralist.sty
Package: paralist 2013/06/09 v2.4 Extended list environments
\pltopsep=\skip65
\plpartopsep=\skip66
\plitemsep=\skip67
\plparsep=\skip68
\pl@lab=\toks18
)
(D:\Programs\MiKTeX\tex\latex\textcase\textcase.sty
Package: textcase 2004/10/07 v0.07 Text only upper/lower case changing (DPC)
)
(D:\Programs\MiKTeX\tex\latex\microtype\letterspace.sty
Package: letterspace 2013/05/23 v2.5a Robust letterspacing (RS)
LaTeX Info: Redefining \lsstyle on input line 307.
LaTeX Info: Redefining \lslig on input line 308.
LaTeX Info: Redefining \textls on input line 333.
\MT@outer@kern=\dimen119
)
(D:\Programs\MiKTeX\tex\latex\setspace\setspace.sty
Package: setspace 2011/12/19 v6.7a set line spacing
)
(D:\Programs\MiKTeX\tex\latex\natbib\natbib.sty
Package: natbib 2010/09/13 8.31b (PWD, AO)
\bibhang=\skip69
\bibsep=\skip70
LaTeX Info: Redefining \cite on input line 694.
\c@NAT@ctr=\count97
)
(D:\Programs\MiKTeX\tex\latex\natbib\bibentry.sty
Package: bibentry 2007/10/30 1.5 (PWD)
)
No file DDR.bbl.
\c@@tufte@num@bibkeys=\count98
(D:\Programs\MiKTeX\tex\latex\sauerj\optparams.sty
Package: optparams 2004/08/14 v0.9 multiple optional parameters in macros
)
\@tufte@sidenote@vertical@offset=\skip71

(D:\Programs\MiKTeX\tex\latex\placeins\placeins.sty
Package: placeins 2005/04/18  v 2.2
)
\@tufte@margin@floatbox=\box27
\@tufte@figure@box=\box28
\@tufte@caption@box=\box29
\@tufte@caption@vertical@offset=\skip72
\@tufte@float@contents@width=\skip73

(D:\Programs\MiKTeX\tex\latex\psnfss\mathpazo.sty
Package: mathpazo 2005/04/12 PSNFSS-v9.2a Palatino w/ Pazo Math (D.Puga, WaS) 
\symupright=\mathgroup4
)
(D:\Programs\MiKTeX\tex\latex\psnfss\helvet.sty
Package: helvet 2005/04/12 PSNFSS-v9.2a (WaS) 
)
(D:\Programs\MiKTeX\tex\latex\bera\beramono.sty
Package: beramono 2004/01/31 (WaS)
)
(D:\Programs\MiKTeX\tex\latex\base\fontenc.sty
Package: fontenc 2005/09/27 v1.99g Standard LaTeX package

(D:\Programs\MiKTeX\tex\latex\base\t1enc.def
File: t1enc.def 2005/09/27 v1.99g Standard LaTeX file
LaTeX Font Info:    Redeclaring font encoding T1 on input line 43.
))
(D:\Programs\MiKTeX\tex\latex\base\textcomp.sty
Package: textcomp 2005/09/27 v1.99g Standard LaTeX package
Package textcomp Info: Sub-encoding information:
(textcomp)               5 = only ISO-Adobe without \textcurrency
(textcomp)               4 = 5 + \texteuro
(textcomp)               3 = 4 + \textohm
(textcomp)               2 = 3 + \textestimated + \textcurrency
(textcomp)               1 = TS1 - \textcircled - \t
(textcomp)               0 = TS1 (full)
(textcomp)             Font families with sub-encoding setting implement
(textcomp)             only a restricted character set as indicated.
(textcomp)             Family '?' is the default used for unknown fonts.
(textcomp)             See the documentation for details.
Package textcomp Info: Setting ? sub-encoding to TS1/1 on input line 71.

(D:\Programs\MiKTeX\tex\latex\base\ts1enc.def
File: ts1enc.def 2001/06/05 v3.0e (jk/car/fm) Standard LaTeX file
)
LaTeX Info: Redefining \oldstylenums on input line 266.
Package textcomp Info: Setting cmr sub-encoding to TS1/0 on input line 281.
Package textcomp Info: Setting cmss sub-encoding to TS1/0 on input line 282.
Package textcomp Info: Setting cmtt sub-encoding to TS1/0 on input line 283.
Package textcomp Info: Setting cmvtt sub-encoding to TS1/0 on input line 284.
Package textcomp Info: Setting cmbr sub-encoding to TS1/0 on input line 285.
Package textcomp Info: Setting cmtl sub-encoding to TS1/0 on input line 286.
Package textcomp Info: Setting ccr sub-encoding to TS1/0 on input line 287.
Package textcomp Info: Setting ptm sub-encoding to TS1/4 on input line 288.
Package textcomp Info: Setting pcr sub-encoding to TS1/4 on input line 289.
Package textcomp Info: Setting phv sub-encoding to TS1/4 on input line 290.
Package textcomp Info: Setting ppl sub-encoding to TS1/3 on input line 291.
Package textcomp Info: Setting pag sub-encoding to TS1/4 on input line 292.
Package textcomp Info: Setting pbk sub-encoding to TS1/4 on input line 293.
Package textcomp Info: Setting pnc sub-encoding to TS1/4 on input line 294.
Package textcomp Info: Setting pzc sub-encoding to TS1/4 on input line 295.
Package textcomp Info: Setting bch sub-encoding to TS1/4 on input line 296.
Package textcomp Info: Setting put sub-encoding to TS1/5 on input line 297.
Package textcomp Info: Setting uag sub-encoding to TS1/5 on input line 298.
Package textcomp Info: Setting ugq sub-encoding to TS1/5 on input line 299.
Package textcomp Info: Setting ul8 sub-encoding to TS1/4 on input line 300.
Package textcomp Info: Setting ul9 sub-encoding to TS1/4 on input line 301.
Package textcomp Info: Setting augie sub-encoding to TS1/5 on input line 302.
Package textcomp Info: Setting dayrom sub-encoding to TS1/3 on input line 303.
Package textcomp Info: Setting dayroms sub-encoding to TS1/3 on input line 304.

Package textcomp Info: Setting pxr sub-encoding to TS1/0 on input line 305.
Package textcomp Info: Setting pxss sub-encoding to TS1/0 on input line 306.
Package textcomp Info: Setting pxtt sub-encoding to TS1/0 on input line 307.
Package textcomp Info: Setting txr sub-encoding to TS1/0 on input line 308.
Package textcomp Info: Setting txss sub-encoding to TS1/0 on input line 309.
Package textcomp Info: Setting txtt sub-encoding to TS1/0 on input line 310.
Package textcomp Info: Setting lmr sub-encoding to TS1/0 on input line 311.
Package textcomp Info: Setting lmdh sub-encoding to TS1/0 on input line 312.
Package textcomp Info: Setting lmss sub-encoding to TS1/0 on input line 313.
Package textcomp Info: Setting lmssq sub-encoding to TS1/0 on input line 314.
Package textcomp Info: Setting lmvtt sub-encoding to TS1/0 on input line 315.
Package textcomp Info: Setting qhv sub-encoding to TS1/0 on input line 316.
Package textcomp Info: Setting qag sub-encoding to TS1/0 on input line 317.
Package textcomp Info: Setting qbk sub-encoding to TS1/0 on input line 318.
Package textcomp Info: Setting qcr sub-encoding to TS1/0 on input line 319.
Package textcomp Info: Setting qcs sub-encoding to TS1/0 on input line 320.
Package textcomp Info: Setting qpl sub-encoding to TS1/0 on input line 321.
Package textcomp Info: Setting qtm sub-encoding to TS1/0 on input line 322.
Package textcomp Info: Setting qzc sub-encoding to TS1/0 on input line 323.
Package textcomp Info: Setting qhvc sub-encoding to TS1/0 on input line 324.
Package textcomp Info: Setting futs sub-encoding to TS1/4 on input line 325.
Package textcomp Info: Setting futx sub-encoding to TS1/4 on input line 326.
Package textcomp Info: Setting futj sub-encoding to TS1/4 on input line 327.
Package textcomp Info: Setting hlh sub-encoding to TS1/3 on input line 328.
Package textcomp Info: Setting hls sub-encoding to TS1/3 on input line 329.
Package textcomp Info: Setting hlst sub-encoding to TS1/3 on input line 330.
Package textcomp Info: Setting hlct sub-encoding to TS1/5 on input line 331.
Package textcomp Info: Setting hlx sub-encoding to TS1/5 on input line 332.
Package textcomp Info: Setting hlce sub-encoding to TS1/5 on input line 333.
Package textcomp Info: Setting hlcn sub-encoding to TS1/5 on input line 334.
Package textcomp Info: Setting hlcw sub-encoding to TS1/5 on input line 335.
Package textcomp Info: Setting hlcf sub-encoding to TS1/5 on input line 336.
Package textcomp Info: Setting pplx sub-encoding to TS1/3 on input line 337.
Package textcomp Info: Setting pplj sub-encoding to TS1/3 on input line 338.
Package textcomp Info: Setting ptmx sub-encoding to TS1/4 on input line 339.
Package textcomp Info: Setting ptmj sub-encoding to TS1/4 on input line 340.
)
(D:\Programs\MiKTeX\tex\latex\fancyhdr\fancyhdr.sty
\fancy@headwidth=\skip74
\f@ncyO@elh=\skip75
\f@ncyO@erh=\skip76
\f@ncyO@olh=\skip77
\f@ncyO@orh=\skip78
\f@ncyO@elf=\skip79
\f@ncyO@erf=\skip80
\f@ncyO@olf=\skip81
\f@ncyO@orf=\skip82
)
(D:\Programs\MiKTeX\tex\latex\xcolor\xcolor.sty
Package: xcolor 2007/01/21 v2.11 LaTeX color extensions (UK)

(D:\Programs\MiKTeX\tex\latex\00miktex\color.cfg
File: color.cfg 2007/01/18 v1.5 color configuration of teTeX/TeXLive
)
Package xcolor Info: Package option `usenames' ignored on input line 216.
Package xcolor Info: Driver file: pdftex.def on input line 225.

(D:\Programs\MiKTeX\tex\latex\pdftex-def\pdftex.def
File: pdftex.def 2011/05/27 v0.06d Graphics/color for pdfTeX

(D:\Programs\MiKTeX\tex\generic\oberdiek\infwarerr.sty
Package: infwarerr 2010/04/08 v1.3 Providing info/warning/error messages (HO)
)
(D:\Programs\MiKTeX\tex\generic\oberdiek\ltxcmds.sty
Package: ltxcmds 2011/11/09 v1.22 LaTeX kernel commands for general use (HO)
)
\Gread@gobject=\count99
)
Package xcolor Info: Model `cmy' substituted by `cmy0' on input line 1337.
Package xcolor Info: Model `hsb' substituted by `rgb' on input line 1341.
Package xcolor Info: Model `RGB' extended on input line 1353.
Package xcolor Info: Model `HTML' substituted by `rgb' on input line 1355.
Package xcolor Info: Model `Hsb' substituted by `hsb' on input line 1356.
Package xcolor Info: Model `tHsb' substituted by `hsb' on input line 1357.
Package xcolor Info: Model `HSB' substituted by `hsb' on input line 1358.
Package xcolor Info: Model `Gray' substituted by `gray' on input line 1359.
Package xcolor Info: Model `wave' substituted by `hsb' on input line 1360.

(D:\Programs\MiKTeX\tex\latex\graphics\dvipsnam.def
File: dvipsnam.def 1999/02/16 v3.0i Driver-dependant file (DPC,SPQR)
)
(D:\Programs\MiKTeX\tex\latex\xcolor\svgnam.def
File: svgnam.def 2007/01/21 v2.11 Predefined colors according to SVG 1.1 (UK)
))
\langwohyphens=\language69

(D:\Programs\MiKTeX\tex\latex\tools\multicol.sty
Package: multicol 2011/06/27 v1.7a multicolumn formatting (FMi)
\c@tracingmulticols=\count100
\mult@box=\box30
\multicol@leftmargin=\dimen120
\c@unbalance=\count101
\c@collectmore=\count102
\doublecol@number=\count103
\multicoltolerance=\count104
\multicolpretolerance=\count105
\full@width=\dimen121
\page@free=\dimen122
\premulticols=\dimen123
\postmulticols=\dimen124
\multicolsep=\skip83
\multicolbaselineskip=\skip84
\partial@page=\box31
\last@line=\box32
\mult@rightbox=\box33
\mult@grightbox=\box34
\mult@gfirstbox=\box35
\mult@firstbox=\box36
\@tempa=\box37
\@tempa=\box38
\@tempa=\box39
\@tempa=\box40
\@tempa=\box41
\@tempa=\box42
\@tempa=\box43
\@tempa=\box44
\@tempa=\box45
\@tempa=\box46
\@tempa=\box47
\@tempa=\box48
\@tempa=\box49
\@tempa=\box50
\@tempa=\box51
\@tempa=\box52
\@tempa=\box53
\c@columnbadness=\count106
\c@finalcolumnbadness=\count107
\last@try=\dimen125
\multicolovershoot=\dimen126
\multicolundershoot=\dimen127
\mult@nat@firstbox=\box54
\colbreak@box=\box55
\multicol@sort@counter=\count108
)))
(D:\Programs\MiKTeX\tex\latex\graphics\graphicx.sty
Package: graphicx 1999/02/16 v1.0f Enhanced LaTeX Graphics (DPC,SPQR)

(D:\Programs\MiKTeX\tex\latex\graphics\graphics.sty
Package: graphics 2009/02/05 v1.0o Standard LaTeX Graphics (DPC,SPQR)

(D:\Programs\MiKTeX\tex\latex\graphics\trig.sty
Package: trig 1999/03/16 v1.09 sin cos tan (DPC)
)
(D:\Programs\MiKTeX\tex\latex\00miktex\graphics.cfg
File: graphics.cfg 2007/01/18 v1.5 graphics configuration of teTeX/TeXLive
)
Package graphics Info: Driver file: pdftex.def on input line 91.
)
\Gin@req@height=\dimen128
\Gin@req@width=\dimen129
)
(D:\Programs\MiKTeX\tex\latex\framed\framed.sty
Package: framed 2011/10/22 v 0.96: framed or shaded text with page breaks
\OuterFrameSep=\skip85
\fb@frw=\dimen130
\fb@frh=\dimen131
\FrameRule=\dimen132
\FrameSep=\dimen133
)
(D:\Programs\MiKTeX\tex\latex\base\alltt.sty
Package: alltt 1997/06/16 v2.0g defines alltt environment
)
(D:\Programs\MiKTeX\tex\latex\hyperref\hyperref.sty
Package: hyperref 2012/11/06 v6.83m Hypertext links for LaTeX

(D:\Programs\MiKTeX\tex\generic\oberdiek\hobsub-hyperref.sty
Package: hobsub-hyperref 2012/04/25 v1.12 Bundle oberdiek, subset hyperref (HO)


(D:\Programs\MiKTeX\tex\generic\oberdiek\hobsub-generic.sty
Package: hobsub-generic 2012/04/25 v1.12 Bundle oberdiek, subset generic (HO)
Package: hobsub 2012/04/25 v1.12 Construct package bundles (HO)
Package hobsub Info: Skipping package `infwarerr' (already loaded).
Package hobsub Info: Skipping package `ltxcmds' (already loaded).
Package: ifluatex 2010/03/01 v1.3 Provides the ifluatex switch (HO)
Package ifluatex Info: LuaTeX not detected.
Package hobsub Info: Skipping package `ifvtex' (already loaded).
Package: intcalc 2007/09/27 v1.1 Expandable calculations with integers (HO)
Package hobsub Info: Skipping package `ifpdf' (already loaded).
Package: etexcmds 2011/02/16 v1.5 Avoid name clashes with e-TeX commands (HO)
Package etexcmds Info: Could not find \expanded.
(etexcmds)             That can mean that you are not using pdfTeX 1.50 or
(etexcmds)             that some package has redefined \expanded.
(etexcmds)             In the latter case, load this package earlier.
Package: kvsetkeys 2012/04/25 v1.16 Key value parser (HO)
Package: kvdefinekeys 2011/04/07 v1.3 Define keys (HO)
Package: pdftexcmds 2011/11/29 v0.20 Utility functions of pdfTeX for LuaTeX (HO
)
Package pdftexcmds Info: LuaTeX not detected.
Package pdftexcmds Info: \pdf@primitive is available.
Package pdftexcmds Info: \pdf@ifprimitive is available.
Package pdftexcmds Info: \pdfdraftmode found.
Package: pdfescape 2011/11/25 v1.13 Implements pdfTeX's escape features (HO)
Package: bigintcalc 2012/04/08 v1.3 Expandable calculations on big integers (HO
)
Package: bitset 2011/01/30 v1.1 Handle bit-vector datatype (HO)
Package: uniquecounter 2011/01/30 v1.2 Provide unlimited unique counter (HO)
)
Package hobsub Info: Skipping package `hobsub' (already loaded).
Package: letltxmacro 2010/09/02 v1.4 Let assignment for LaTeX macros (HO)
Package: hopatch 2011/06/24 v1.1 Wrapper for package hooks (HO)
Package: xcolor-patch 2011/01/30 xcolor patch
Package: atveryend 2011/06/30 v1.8 Hooks at the very end of document (HO)
Package atveryend Info: \enddocument detected (standard20110627).
Package: atbegshi 2011/10/05 v1.16 At begin shipout hook (HO)
Package: refcount 2011/10/16 v3.4 Data extraction from label references (HO)
Package: hycolor 2011/01/30 v1.7 Color options for hyperref/bookmark (HO)
)
(D:\Programs\MiKTeX\tex\latex\oberdiek\auxhook.sty
Package: auxhook 2011/03/04 v1.3 Hooks for auxiliary files (HO)
)
(D:\Programs\MiKTeX\tex\latex\oberdiek\kvoptions.sty
Package: kvoptions 2011/06/30 v3.11 Key value format for package options (HO)
)
\@linkdim=\dimen134
\Hy@linkcounter=\count109
\Hy@pagecounter=\count110

(D:\Programs\MiKTeX\tex\latex\hyperref\pd1enc.def
File: pd1enc.def 2012/11/06 v6.83m Hyperref: PDFDocEncoding definition (HO)
)
\Hy@SavedSpaceFactor=\count111

(D:\Programs\MiKTeX\tex\latex\00miktex\hyperref.cfg
File: hyperref.cfg 2002/06/06 v1.2 hyperref configuration of TeXLive
)
Package hyperref Info: Option `hyperfootnotes' set `false' on input line 4319.
Package hyperref Info: Option `unicode' set `true' on input line 4319.

(D:\Programs\MiKTeX\tex\latex\hyperref\puenc.def
File: puenc.def 2012/11/06 v6.83m Hyperref: PDF Unicode definition (HO)
)
Package hyperref Info: Option `pdfusetitle' set `true' on input line 4319.
Package hyperref Info: Option `bookmarks' set `true' on input line 4319.
Package hyperref Info: Option `bookmarksnumbered' set `false' on input line 431
9.
Package hyperref Info: Option `bookmarksopen' set `false' on input line 4319.
Package hyperref Info: Option `breaklinks' set `false' on input line 4319.
Package hyperref Info: Option `colorlinks' set `true' on input line 4319.
Package hyperref Info: Hyper figures OFF on input line 4443.
Package hyperref Info: Link nesting OFF on input line 4448.
Package hyperref Info: Hyper index ON on input line 4451.
Package hyperref Info: Plain pages OFF on input line 4458.
Package hyperref Info: Backreferencing OFF on input line 4463.
Package hyperref Info: Implicit mode ON; LaTeX internals redefined.
Package hyperref Info: Bookmarks ON on input line 4688.
\c@Hy@tempcnt=\count112

(D:\Programs\MiKTeX\tex\latex\url\url.sty
\Urlmuskip=\muskip10
Package: url 2013/09/16  ver 3.4  Verb mode for urls, etc.
)
LaTeX Info: Redefining \url on input line 5041.
\XeTeXLinkMargin=\dimen135
\Fld@menulength=\count113
\Field@Width=\dimen136
\Fld@charsize=\dimen137
Package hyperref Info: Hyper figures OFF on input line 6295.
Package hyperref Info: Link nesting OFF on input line 6300.
Package hyperref Info: Hyper index ON on input line 6303.
Package hyperref Info: backreferencing OFF on input line 6310.
Package hyperref Info: Link coloring ON on input line 6313.
Package hyperref Info: Link coloring with OCG OFF on input line 6320.
Package hyperref Info: PDF/A mode OFF on input line 6325.
LaTeX Info: Redefining \ref on input line 6365.
LaTeX Info: Redefining \pageref on input line 6369.
\Hy@abspage=\count114
\c@Item=\count115
)

Package hyperref Message: Driver (autodetected): hpdftex.

(D:\Programs\MiKTeX\tex\latex\hyperref\hpdftex.def
File: hpdftex.def 2012/11/06 v6.83m Hyperref driver for pdfTeX
\Fld@listcount=\count116
\c@bookmark@seq@number=\count117

(D:\Programs\MiKTeX\tex\latex\oberdiek\rerunfilecheck.sty
Package: rerunfilecheck 2011/04/15 v1.7 Rerun checks for auxiliary files (HO)
Package uniquecounter Info: New unique counter `rerunfilecheck' on input line 2
82.
)
\Hy@SectionHShift=\skip86
)
(D:\Programs\MiKTeX\tex\latex\psnfss\charter.sty
Package: charter 2005/04/12 PSNFSS-v9.2a (P.Dyballa) 
)
(D:\Programs\MiKTeX\tex\latex\base\inputenc.sty
Package: inputenc 2008/03/30 v1.1d Input encoding file
\inpenc@prehook=\toks19
\inpenc@posthook=\toks20

(D:\Programs\MiKTeX\tex\latex\base\latin9.def
File: latin9.def 2008/03/30 v1.1d Input encoding file
))
(D:\Programs\MiKTeX\tex\latex\adjustbox\adjustbox.sty
Package: adjustbox 2012/05/21 v1.0 Adjusting TeX boxes (trim, clip, ...)

(D:\Programs\MiKTeX\tex\latex\adjustbox\adjcalc.sty
Package: adjcalc 2012/05/16 v1.1 Provides advanced setlength with multiple back
-ends (calc, etex, pgfmath)
)
(D:\Programs\MiKTeX\tex\latex\adjustbox\trimclip.sty
Package: trimclip 2012/05/16 v1.0 Trim and clip general TeX material

(D:\Programs\MiKTeX\tex\latex\collectbox\collectbox.sty
Package: collectbox 2012/05/17 v0.4b Collect macro arguments as boxes
\collectedbox=\box56
)
\tc@llx=\dimen138
\tc@lly=\dimen139
\tc@urx=\dimen140
\tc@ury=\dimen141
Package trimclip Info: Using driver 'tc-pdftex.def'.

(D:\Programs\MiKTeX\tex\latex\adjustbox\tc-pdftex.def
File: tc-pdftex.def 2012/05/13 v1.0 Clipping driver for pdftex
))
\adjbox@Width=\dimen142
\adjbox@Height=\dimen143
\adjbox@Depth=\dimen144
\adjbox@Totalheight=\dimen145

(D:\Programs\MiKTeX\tex\latex\ifoddpage\ifoddpage.sty
Package: ifoddpage 2011/09/13 v1.0 Conditionals for odd/even page detection
\c@checkoddpage=\count118
LaTeX Info: Redefining \checkoddpage on input line 25.
)
(D:\Programs\MiKTeX\tex\latex\ltxmisc\varwidth.sty
Package: varwidth 2009/03/30 ver 0.92;  Variable-width minipages
\@vwid@box=\box57
\sift@deathcycles=\count119
\@vwid@loff=\dimen146
\@vwid@roff=\dimen147
))
(D:\Programs\MiKTeX\tex\generic\babel\babel.sty
Package: babel 2008/07/08 v3.8m The Babel package

*************************************
* Local config file bblopts.cfg used
*
(D:\Programs\MiKTeX\tex\latex\00miktex\bblopts.cfg
File: bblopts.cfg 2006/07/31 v1.0 MiKTeX 'babel' configuration
)
(D:\Programs\MiKTeX\tex\generic\babel\english.ldf
Language: english 2005/03/30 v3.3o English support from the babel system

(D:\Programs\MiKTeX\tex\generic\babel\babel.def
File: babel.def 2008/07/08 v3.8m Babel common definitions
\babel@savecnt=\count120
\U@D=\dimen148
)
\l@canadian = a dialect from \language\l@american 
\l@australian = a dialect from \language\l@british 
\l@newzealand = a dialect from \language\l@british 
))
(D:\Programs\MiKTeX\tex\latex\tabu\tabu.sty
Package: tabu 2011/02/26 v2.8 - flexible LaTeX tabulars (FC)

(D:\Programs\MiKTeX\tex\latex\tools\array.sty
Package: array 2008/09/09 v2.4c Tabular extension package (FMi)
\col@sep=\dimen149
\extrarowheight=\dimen150
\NC@list=\toks21
\extratabsurround=\skip87
\backup@length=\skip88
)
\c@taburow=\count121
\tabu@nbcols=\count122
\tabu@cnt=\count123
\tabu@Xcol=\count124
\tabu@alloc=\count125
\tabu@nested=\count126
\tabu@target=\dimen151
\tabu@spreadtarget=\dimen152
\tabu@naturalX=\dimen153
\tabucolX=\dimen154
\tabu@Xsum=\dimen155
\extrarowdepth=\dimen156
\abovetabulinesep=\dimen157
\belowtabulinesep=\dimen158
\tabustrutrule=\dimen159
\tabu@thebody=\toks22
\tabu@footnotes=\toks23
\tabu@box=\box58
\tabu@arstrutbox=\box59
\tabu@hleads=\box60
\tabu@vleads=\box61
\tabu@cellskip=\skip89
)
(D:\Programs\MiKTeX\tex\latex\amsmath\amsmath.sty
Package: amsmath 2013/01/14 v2.14 AMS math features
\@mathmargin=\skip90

For additional information on amsmath, use the `?' option.
(D:\Programs\MiKTeX\tex\latex\amsmath\amstext.sty
Package: amstext 2000/06/29 v2.01

(D:\Programs\MiKTeX\tex\latex\amsmath\amsgen.sty
File: amsgen.sty 1999/11/30 v2.0
\@emptytoks=\toks24
\ex@=\dimen160
))
(D:\Programs\MiKTeX\tex\latex\amsmath\amsbsy.sty
Package: amsbsy 1999/11/29 v1.2d
\pmbraise@=\dimen161
)
(D:\Programs\MiKTeX\tex\latex\amsmath\amsopn.sty
Package: amsopn 1999/12/14 v2.01 operator names
)
\inf@bad=\count127
LaTeX Info: Redefining \frac on input line 210.
\uproot@=\count128
\leftroot@=\count129
LaTeX Info: Redefining \overline on input line 306.
\classnum@=\count130
\DOTSCASE@=\count131
LaTeX Info: Redefining \ldots on input line 378.
LaTeX Info: Redefining \dots on input line 381.
LaTeX Info: Redefining \cdots on input line 466.
\Mathstrutbox@=\box62
\strutbox@=\box63
\big@size=\dimen162
LaTeX Font Info:    Redeclaring font encoding OML on input line 566.
LaTeX Font Info:    Redeclaring font encoding OMS on input line 567.
\macc@depth=\count132
\c@MaxMatrixCols=\count133
\dotsspace@=\muskip11
\c@parentequation=\count134
\dspbrk@lvl=\count135
\tag@help=\toks25
\row@=\count136
\column@=\count137
\maxfields@=\count138
\andhelp@=\toks26
\eqnshift@=\dimen163
\alignsep@=\dimen164
\tagshift@=\dimen165
\tagwidth@=\dimen166
\totwidth@=\dimen167
\lineht@=\dimen168
\@envbody=\toks27
\multlinegap=\skip91
\multlinetaggap=\skip92
\mathdisplay@stack=\toks28
LaTeX Info: Redefining \[ on input line 2665.
LaTeX Info: Redefining \] on input line 2666.
)

Package hyperref Warning: Token not allowed in a PDF string (Unicode):
(hyperref)                removing `\afterassignment' on input line 77.


Package hyperref Warning: Token not allowed in a PDF string (Unicode):
(hyperref)                removing `\<def>-command' on input line 77.


Package hyperref Warning: Token not allowed in a PDF string (Unicode):
(hyperref)                removing `\f@size' on input line 77.


Package hyperref Warning: Token not allowed in a PDF string (Unicode):
(hyperref)                removing `\afterassignment' on input line 77.


Package hyperref Warning: Token not allowed in a PDF string (Unicode):
(hyperref)                removing `\<def>-command' on input line 77.


Package hyperref Warning: Token not allowed in a PDF string (Unicode):
(hyperref)                removing `\f@baselineskip' on input line 77.


Package hyperref Warning: Token not allowed in a PDF string (Unicode):
(hyperref)                removing `\<def>-command' on input line 77.


Package hyperref Warning: Token not allowed in a PDF string (Unicode):
(hyperref)                removing `\f@linespread' on input line 77.


Package hyperref Warning: Token not allowed in a PDF string (Unicode):
(hyperref)                removing `\<let>-command' on input line 77.


Package hyperref Warning: Token not allowed in a PDF string (Unicode):
(hyperref)                removing `\baselinestretch' on input line 77.


Package hyperref Warning: Token not allowed in a PDF string (Unicode):
(hyperref)                removing `\<def>-command' on input line 77.


Package hyperref Warning: Token not allowed in a PDF string (Unicode):
(hyperref)                removing `\<def>-command' on input line 77.


Package hyperref Warning: Token not allowed in a PDF string (Unicode):
(hyperref)                removing `\font@name' on input line 77.


Package hyperref Warning: Token not allowed in a PDF string (Unicode):
(hyperref)                removing `\T1/cmr/m/n/10' on input line 77.


Package hyperref Warning: Token not allowed in a PDF string (Unicode):
(hyperref)                removing `\\' on input line 77.


Package hyperref Warning: Token not allowed in a PDF string (Unicode):
(hyperref)                removing `\noindent' on input line 77.


Package hyperref Warning: Token not allowed in a PDF string (Unicode):
(hyperref)                removing `\afterassignment' on input line 77.


Package hyperref Warning: Token not allowed in a PDF string (Unicode):
(hyperref)                removing `\<def>-command' on input line 77.


Package hyperref Warning: Token not allowed in a PDF string (Unicode):
(hyperref)                removing `\f@size' on input line 77.


Package hyperref Warning: Token not allowed in a PDF string (Unicode):
(hyperref)                removing `\afterassignment' on input line 77.


Package hyperref Warning: Token not allowed in a PDF string (Unicode):
(hyperref)                removing `\<def>-command' on input line 77.


Package hyperref Warning: Token not allowed in a PDF string (Unicode):
(hyperref)                removing `\f@baselineskip' on input line 77.


Package hyperref Warning: Token not allowed in a PDF string (Unicode):
(hyperref)                removing `\<def>-command' on input line 77.


Package hyperref Warning: Token not allowed in a PDF string (Unicode):
(hyperref)                removing `\f@linespread' on input line 77.


Package hyperref Warning: Token not allowed in a PDF string (Unicode):
(hyperref)                removing `\<let>-command' on input line 77.


Package hyperref Warning: Token not allowed in a PDF string (Unicode):
(hyperref)                removing `\baselinestretch' on input line 77.


Package hyperref Warning: Token not allowed in a PDF string (Unicode):
(hyperref)                removing `\<def>-command' on input line 77.


Package hyperref Warning: Token not allowed in a PDF string (Unicode):
(hyperref)                removing `\<def>-command' on input line 77.


Package hyperref Warning: Token not allowed in a PDF string (Unicode):
(hyperref)                removing `\font@name' on input line 77.


Package hyperref Warning: Token not allowed in a PDF string (Unicode):
(hyperref)                removing `\T1/cmr/m/n/10' on input line 77.


Package hyperref Warning: Token not allowed in a PDF string (Unicode):
(hyperref)                removing `\abovedisplayskip' on input line 77.


Package hyperref Warning: Token not allowed in a PDF string (Unicode):
(hyperref)                removing `\p@' on input line 77.


Package hyperref Warning: Token not allowed in a PDF string (Unicode):
(hyperref)                removing `\p@' on input line 77.


Package hyperref Warning: Token not allowed in a PDF string (Unicode):
(hyperref)                removing `\p@' on input line 77.


Package hyperref Warning: Token not allowed in a PDF string (Unicode):
(hyperref)                removing `\abovedisplayshortskip' on input line 77.


Package hyperref Warning: Token not allowed in a PDF string (Unicode):
(hyperref)                removing `\z@' on input line 77.


Package hyperref Warning: Token not allowed in a PDF string (Unicode):
(hyperref)                removing `\p@' on input line 77.


Package hyperref Warning: Token not allowed in a PDF string (Unicode):
(hyperref)                removing `\belowdisplayshortskip' on input line 77.


Package hyperref Warning: Token not allowed in a PDF string (Unicode):
(hyperref)                removing `\p@' on input line 77.


Package hyperref Warning: Token not allowed in a PDF string (Unicode):
(hyperref)                removing `\p@' on input line 77.


Package hyperref Warning: Token not allowed in a PDF string (Unicode):
(hyperref)                removing `\p@' on input line 77.


Package hyperref Warning: Token not allowed in a PDF string (Unicode):
(hyperref)                removing `\<def>-command' on input line 77.


Package hyperref Warning: Token not allowed in a PDF string (Unicode):
(hyperref)                removing `\leftmargin' on input line 77.


Package hyperref Warning: Token not allowed in a PDF string (Unicode):
(hyperref)                removing `\belowdisplayskip' on input line 77.


Package hyperref Warning: Token not allowed in a PDF string (Unicode):
(hyperref)                removing `\abovedisplayskip' on input line 77.


Package hyperref Warning: Token not allowed in a PDF string (Unicode):
(hyperref)                removing `\afterassignment' on input line 80.


Package hyperref Warning: Token not allowed in a PDF string (Unicode):
(hyperref)                removing `\<def>-command' on input line 80.


Package hyperref Warning: Token not allowed in a PDF string (Unicode):
(hyperref)                removing `\f@size' on input line 80.


Package hyperref Warning: Token not allowed in a PDF string (Unicode):
(hyperref)                removing `\afterassignment' on input line 80.


Package hyperref Warning: Token not allowed in a PDF string (Unicode):
(hyperref)                removing `\<def>-command' on input line 80.


Package hyperref Warning: Token not allowed in a PDF string (Unicode):
(hyperref)                removing `\f@baselineskip' on input line 80.


Package hyperref Warning: Token not allowed in a PDF string (Unicode):
(hyperref)                removing `\<def>-command' on input line 80.


Package hyperref Warning: Token not allowed in a PDF string (Unicode):
(hyperref)                removing `\f@linespread' on input line 80.


Package hyperref Warning: Token not allowed in a PDF string (Unicode):
(hyperref)                removing `\<let>-command' on input line 80.


Package hyperref Warning: Token not allowed in a PDF string (Unicode):
(hyperref)                removing `\baselinestretch' on input line 80.


Package hyperref Warning: Token not allowed in a PDF string (Unicode):
(hyperref)                removing `\<def>-command' on input line 80.


Package hyperref Warning: Token not allowed in a PDF string (Unicode):
(hyperref)                removing `\<def>-command' on input line 80.


Package hyperref Warning: Token not allowed in a PDF string (Unicode):
(hyperref)                removing `\font@name' on input line 80.


Package hyperref Warning: Token not allowed in a PDF string (Unicode):
(hyperref)                removing `\T1/cmr/m/n/10' on input line 80.


Package hyperref Warning: Token not allowed in a PDF string (Unicode):
(hyperref)                removing `\abovedisplayskip' on input line 80.


Package hyperref Warning: Token not allowed in a PDF string (Unicode):
(hyperref)                removing `\p@' on input line 80.


Package hyperref Warning: Token not allowed in a PDF string (Unicode):
(hyperref)                removing `\p@' on input line 80.


Package hyperref Warning: Token not allowed in a PDF string (Unicode):
(hyperref)                removing `\p@' on input line 80.


Package hyperref Warning: Token not allowed in a PDF string (Unicode):
(hyperref)                removing `\abovedisplayshortskip' on input line 80.


Package hyperref Warning: Token not allowed in a PDF string (Unicode):
(hyperref)                removing `\z@' on input line 80.


Package hyperref Warning: Token not allowed in a PDF string (Unicode):
(hyperref)                removing `\p@' on input line 80.


Package hyperref Warning: Token not allowed in a PDF string (Unicode):
(hyperref)                removing `\belowdisplayshortskip' on input line 80.


Package hyperref Warning: Token not allowed in a PDF string (Unicode):
(hyperref)                removing `\p@' on input line 80.


Package hyperref Warning: Token not allowed in a PDF string (Unicode):
(hyperref)                removing `\p@' on input line 80.


Package hyperref Warning: Token not allowed in a PDF string (Unicode):
(hyperref)                removing `\p@' on input line 80.


Package hyperref Warning: Token not allowed in a PDF string (Unicode):
(hyperref)                removing `\<def>-command' on input line 80.


Package hyperref Warning: Token not allowed in a PDF string (Unicode):
(hyperref)                removing `\leftmargin' on input line 80.


Package hyperref Warning: Token not allowed in a PDF string (Unicode):
(hyperref)                removing `\belowdisplayskip' on input line 80.


Package hyperref Warning: Token not allowed in a PDF string (Unicode):
(hyperref)                removing `\abovedisplayskip' on input line 80.


Package hyperref Warning: Token not allowed in a PDF string (Unicode):
(hyperref)                removing `\\' on input line 80.


Package hyperref Warning: Token not allowed in a PDF string (Unicode):
(hyperref)                removing `\noindent' on input line 80.


Package hyperref Warning: Token not allowed in a PDF string (Unicode):
(hyperref)                removing `\\' on input line 80.


Package hyperref Warning: Token not allowed in a PDF string (Unicode):
(hyperref)                removing `\noindent' on input line 80.


Package hyperref Warning: Token not allowed in a PDF string (Unicode):
(hyperref)                removing `\\' on input line 80.

(D:\Programs\MiKTeX\tex\latex\upquote\upquote.sty
Package: upquote 2012/04/19 v1.3 upright-quote and grave-accent glyphs in verba
tim
)
("D:\Documents\Work and Professional\CSR\Technical Reports\WhyR\DDR.aux")
LaTeX Font Info:    Checking defaults for OML/cmm/m/it on input line 94.
LaTeX Font Info:    ... okay on input line 94.
LaTeX Font Info:    Checking defaults for T1/cmr/m/n on input line 94.
LaTeX Font Info:    ... okay on input line 94.
LaTeX Font Info:    Checking defaults for OT1/cmr/m/n on input line 94.
LaTeX Font Info:    ... okay on input line 94.
LaTeX Font Info:    Checking defaults for OMS/cmsy/m/n on input line 94.
LaTeX Font Info:    ... okay on input line 94.
LaTeX Font Info:    Checking defaults for OMX/cmex/m/n on input line 94.
LaTeX Font Info:    ... okay on input line 94.
LaTeX Font Info:    Checking defaults for U/cmr/m/n on input line 94.
LaTeX Font Info:    ... okay on input line 94.
LaTeX Font Info:    Checking defaults for TS1/cmr/m/n on input line 94.
LaTeX Font Info:    Try loading font information for TS1+cmr on input line 94.

(D:\Programs\MiKTeX\tex\latex\base\ts1cmr.fd
File: ts1cmr.fd 1999/05/25 v2.5h Standard LaTeX font definitions
)
LaTeX Font Info:    ... okay on input line 94.
LaTeX Font Info:    Checking defaults for PD1/pdf/m/n on input line 94.
LaTeX Font Info:    ... okay on input line 94.
LaTeX Font Info:    Checking defaults for PU/pdf/m/n on input line 94.
LaTeX Font Info:    ... okay on input line 94.
LaTeX Font Info:    Try loading font information for T1+bch on input line 94.

(D:\Programs\MiKTeX\tex\latex\psnfss\t1bch.fd
File: t1bch.fd 2004/10/18 font definitions for T1/bch.
)
ABD: EverySelectfont initializing macros
LaTeX Info: Redefining \selectfont on input line 94.

*geometry* driver: auto-detecting
*geometry* detected driver: pdftex
*geometry* verbose mode - [ preamble ] result:
* driver: pdftex
* paper: letterpaper
* layout: <same size as paper>
* layoutoffset:(h,v)=(0.0pt,0.0pt)
* modes: twoside asymmetric 
* h-part:(L,W,R)=(72.26999pt, 312.0pt, 230.02501pt)
* v-part:(T,H,B)=(72.26999pt, 616.0pt, 106.7pt)
* \paperwidth=614.295pt
* \paperheight=794.96999pt
* \textwidth=312.0pt
* \textheight=616.0pt
* \oddsidemargin=0.0pt
* \evensidemargin=0.0pt
* \topmargin=-42.0pt
* \headheight=14.0pt
* \headsep=28.0pt
* \topskip=10.0pt
* \footskip=30.0pt
* \marginparwidth=144.0pt
* \marginparsep=24.0pt
* \columnsep=10.0pt
* \skip\footins=9.0pt plus 4.0pt minus 2.0pt
* \hoffset=0.0pt
* \voffset=0.0pt
* \mag=1000
* \@twocolumnfalse
* \@twosidetrue
* \@mparswitchfalse
* \@reversemarginfalse
* (1in=72.27pt=25.4mm, 1cm=28.453pt)

(D:\Programs\MiKTeX\tex\context\base\supp-pdf.mkii
[Loading MPS to PDF converter (version 2006.09.02).]
\scratchcounter=\count139
\scratchdimen=\dimen169
\scratchbox=\box64
\nofMPsegments=\count140
\nofMParguments=\count141
\everyMPshowfont=\toks29
\MPscratchCnt=\count142
\MPscratchDim=\dimen170
\MPnumerator=\count143
\makeMPintoPDFobject=\count144
\everyMPtoPDFconversion=\toks30
)
\AtBeginShipoutBox=\box65
Package hyperref Info: Link coloring ON on input line 94.
 (D:\Programs\MiKTeX\tex\latex\hyperref\nameref.sty
Package: nameref 2012/10/27 v2.43 Cross-referencing by name of section

(D:\Programs\MiKTeX\tex\generic\oberdiek\gettitlestring.sty
Package: gettitlestring 2010/12/03 v1.4 Cleanup title references (HO)
)
\c@section@level=\count145
)
LaTeX Info: Redefining \ref on input line 94.
LaTeX Info: Redefining \pageref on input line 94.
LaTeX Info: Redefining \nameref on input line 94.

("D:\Documents\Work and Professional\CSR\Technical Reports\WhyR\DDR.out")
("D:\Documents\Work and Professional\CSR\Technical Reports\WhyR\DDR.out")
\@outlinefile=\write3
LaTeX Font Info:    Try loading font information for T1+phv on input line 95.

(D:\Programs\MiKTeX\tex\latex\psnfss\t1phv.fd
File: t1phv.fd 2001/06/04 scalable font definitions for T1/phv.
)
LaTeX Font Info:    Font shape `T1/phv/m/n' will be
(Font)              scaled to size 8.99994pt on input line 95.
LaTeX Font Info:    Font shape `T1/phv/m/n' will be
(Font)              scaled to size 16.19989pt on input line 95.
LaTeX Font Info:    Font shape `T1/phv/m/n' will be
(Font)              scaled to size 8.09995pt on input line 95.
LaTeX Font Info:    Font shape `T1/phv/m/n' will be
(Font)              scaled to size 32.39978pt on input line 95.
LaTeX Font Info:    Font shape `T1/phv/m/n' will be
(Font)              scaled to size 21.59985pt on input line 95.
LaTeX Font Info:    Font shape `T1/phv/m/n' will be
(Font)              scaled to size 12.59991pt on input line 95.
 [1


{C:/Users/MC/AppData/Local/MiKTeX/2.9/pdftex/config/pdftex.map}]
("D:\Documents\Work and Professional\CSR\Technical Reports\WhyR\DDR.toc"
[2

])
\tf@toc=\write4
 [3]

LaTeX Warning: Marginpar on page 4 moved.

LaTeX Font Info:    Try loading font information for OT1+pplx on input line 109
.
(D:\Programs\MiKTeX\tex\latex\psnfss\ot1pplx.fd
File: ot1pplx.fd 2004/09/06 font definitions for OT1/pplx.
)
LaTeX Font Info:    Try loading font information for OML+zplm on input line 109
.

(D:\Programs\MiKTeX\tex\latex\psnfss\omlzplm.fd
File: omlzplm.fd 2002/09/08 Fontinst v1.914 font definitions for OML/zplm.
)
LaTeX Font Info:    Try loading font information for OMS+zplm on input line 109
.

(D:\Programs\MiKTeX\tex\latex\psnfss\omszplm.fd
File: omszplm.fd 2002/09/08 Fontinst v1.914 font definitions for OMS/zplm.
)
LaTeX Font Info:    Try loading font information for OMX+zplm on input line 109
.

(D:\Programs\MiKTeX\tex\latex\psnfss\omxzplm.fd
File: omxzplm.fd 2002/09/08 Fontinst v1.914 font definitions for OMX/zplm.
)
LaTeX Font Info:    Try loading font information for OT1+zplm on input line 109
.

(D:\Programs\MiKTeX\tex\latex\psnfss\ot1zplm.fd
File: ot1zplm.fd 2002/09/08 Fontinst v1.914 font definitions for OT1/zplm.
)

LaTeX Warning: Marginpar on page 4 moved.


LaTeX Warning: Marginpar on page 4 moved.

[4] <Figures/trendssmall.png, id=204, 611.28375pt x 417.05812pt>
File: Figures/trendssmall.png Graphic file (type png)

<use Figures/trendssmall.png>
Package pdftex.def Info: Figures/trendssmall.png used on input line 125.
(pdftex.def)             Requested size: 213.95251pt x 145.97252pt.


LaTeX Warning: Marginpar on page 5 moved.


LaTeX Warning: Marginpar on page 5 moved.


LaTeX Warning: Marginpar on page 5 moved.

[5 <D:/Documents/Work and Professional/CSR/Technical Reports/WhyR/Figures/trend
ssmall.png>]

LaTeX Warning: Marginpar on page 6 moved.


LaTeX Warning: Marginpar on page 6 moved.

[6]

LaTeX Warning: Marginpar on page 7 moved.


LaTeX Warning: Marginpar on page 7 moved.

[7] <Figures/idealModel.pdf, id=232, 505.89pt x 505.89pt>
File: Figures/idealModel.pdf Graphic file (type pdf)

<use Figures/idealModel.pdf>
Package pdftex.def Info: Figures/idealModel.pdf used on input line 186.
(pdftex.def)             Requested size: 126.47218pt x 126.47218pt.


LaTeX Warning: Marginpar on page 8 moved.

LaTeX Font Info:    Try loading font information for T1+fvm on input line 189.
(D:\Programs\MiKTeX\tex\latex\bera\t1fvm.fd
File: t1fvm.fd 2004/09/07 scalable font definitions for T1/fvm.
)
LaTeX Font Info:    Font shape `T1/fvm/m/n' will be
(Font)              scaled to size 6.80005pt on input line 189.
LaTeX Font Info:    Font shape `T1/fvm/b/n' will be
(Font)              scaled to size 6.80005pt on input line 190.
LaTeX Font Info:    Try loading font information for TS1+fvm on input line 191.


(D:\Programs\MiKTeX\tex\latex\bera\ts1fvm.fd
File: ts1fvm.fd 2004/09/07 scalable font definitions for TS1/fvm.
)
LaTeX Font Info:    Font shape `TS1/fvm/m/n' will be
(Font)              scaled to size 6.80005pt on input line 191.
 [8 <D:/Documents/Work and Professional/CSR/Technical Reports/WhyR/Figures/idea
lModel.pdf>]
<initialDistMap.pdf, id=248, 505.89pt x 505.89pt>
File: initialDistMap.pdf Graphic file (type pdf)
 <use initialDistMap.pdf>
Package pdftex.def Info: initialDistMap.pdf used on input line 200.
(pdftex.def)             Requested size: 126.47218pt x 126.47218pt.


LaTeX Warning: Marginpar on page 9 moved.

LaTeX Font Info:    Font shape `T1/fvm/m/n' will be
(Font)              scaled to size 8.50006pt on input line 222.
LaTeX Font Info:    Font shape `T1/fvm/m/it' in size <8> not available
(Font)              Font shape `T1/fvm/m/sl' tried instead on input line 235.
LaTeX Font Info:    Font shape `T1/fvm/m/sl' will be
(Font)              scaled to size 6.80005pt on input line 235.

Overfull \hbox (52.33289pt too wide) in paragraph at lines 240--240
[][]\T1/fvm/m/n/8 congressDist[][]@[][]data[][]$[][]cd2[] []=[] []\T1/fvm/b/n/8
 paste0[][]\T1/fvm/m/n/8 (state.abb[[][]\T1/fvm/b/n/8 match[][]\T1/fvm/m/n/8 (c
ongressDist[][]@[][]data[][]$[][]STATENAME, state.name)],[][] 
 []

[9 <D:/Documents/Work and Professional/CSR/Technical Reports/WhyR/initialDistMa
p.pdf>] <figure/data2map.pdf, id=258, 289.08pt x 289.08pt>
File: figure/data2map.pdf Graphic file (type pdf)

<use figure/data2map.pdf>
Package pdftex.def Info: figure/data2map.pdf used on input line 259.
(pdftex.def)             Requested size: 289.07928pt x 289.09251pt.


LaTeX Warning: Marginpar on page 10 moved.

[10 <D:/Documents/Work and Professional/CSR/Technical Reports/WhyR/figure/data2
map.pdf>]

LaTeX Warning: Marginpar on page 11 moved.


LaTeX Warning: Marginpar on page 11 moved.

[11]
Overfull \hbox (27.77112pt too wide) in paragraph at lines 329--329
[]\T1/fvm/m/n/8 ## The degrees of freedom for the model is 12  and the objectiv
e function was  0.01[] 
 []

<Figures/loadingPlot.pdf, id=444, 414.54875pt x 575.14874pt>
File: Figures/loadingPlot.pdf Graphic file (type pdf)

<use Figures/loadingPlot.pdf>
Package pdftex.def Info: Figures/loadingPlot.pdf used on input line 340.
(pdftex.def)             Requested size: 155.4554pt x 215.68025pt.

Overfull \hbox (11.4554pt too wide) in paragraph at lines 340--340
[]  
 []


LaTeX Warning: Marginpar on page 12 moved.

<FAHierarchical.pdf, id=445, 794.97pt x 614.295pt>
File: FAHierarchical.pdf Graphic file (type pdf)
 <use FAHierarchical.pdf>
Package pdftex.def Info: FAHierarchical.pdf used on input line 353.
(pdftex.def)             Requested size: 317.98236pt x 245.71364pt.

Overfull \hbox (17.98236pt too wide) in paragraph at lines 353--354
[][]  
 []

[12 <D:/Documents/Work and Professional/CSR/Technical Reports/WhyR/Figures/load
ingPlot.pdf>] [13 <D:/Documents/Work and Professional/CSR/Technical Reports/Why
R/FAHierarchical.pdf>]
Overfull \hbox (40.052pt too wide) in paragraph at lines 405--405
[][]\T1/fvm/m/n/8 adj[] []=[] []\T1/fvm/b/n/8 apply[][]\T1/fvm/m/n/8 (pairwise,
[] []2[][],[] []\T1/fvm/b/n/8 function[][]\T1/fvm/m/n/8 ([][]x[][])[] []\T1/fvm
/b/n/8 sum[][]\T1/fvm/m/n/8 (snData[x[[][]1[][]],][][]==[][]\TS1/fvm/m/n/8 '\T1
/fvm/m/n/8 Yes\TS1/fvm/m/n/8 '[] []\T1/fvm/m/n/8 &[] []snData[x[[][]2[][]],][][
]==[][]\TS1/fvm/m/n/8 '\T1/fvm/m/n/8 Yes\TS1/fvm/m/n/8 '[][]\T1/fvm/m/n/8 ))[][
] 
 []


Overfull \hbox (31.86475pt too wide) in paragraph at lines 422--422
[]\T1/fvm/m/n/8 ##           Yelberton Billy Fred Henrietta Janie Bertha Willie
 Iggy Flozelle Louise[] 
 []


Overfull \hbox (31.86475pt too wide) in paragraph at lines 422--422
[]\T1/fvm/m/n/8 ## Yelberton         0     0    0         0     0      0      0
    0        0      0[] 
 []


Overfull \hbox (31.86475pt too wide) in paragraph at lines 422--422
[]\T1/fvm/m/n/8 ## Billy             0     0    0         0     0      0      0
    0        0      0[] 
 []


Overfull \hbox (31.86475pt too wide) in paragraph at lines 422--422
[]\T1/fvm/m/n/8 ## Fred              0     0    0         0     0      0      0
    0        0      0[] 
 []


Overfull \hbox (31.86475pt too wide) in paragraph at lines 422--422
[]\T1/fvm/m/n/8 ## Henrietta         0     0    0         0     0      1      0
    0        0      0[] 
 []


Overfull \hbox (31.86475pt too wide) in paragraph at lines 422--422
[]\T1/fvm/m/n/8 ## Janie             0     0    0         0     0      0      0
    0        0      0[] 
 []


Overfull \hbox (31.86475pt too wide) in paragraph at lines 422--422
[]\T1/fvm/m/n/8 ## Bertha            0     0    0         1     0      0      0
    1        1      0[] 
 []


Overfull \hbox (31.86475pt too wide) in paragraph at lines 422--422
[]\T1/fvm/m/n/8 ## Willie            0     0    0         0     0      0      0
    0        0      0[] 
 []


Overfull \hbox (31.86475pt too wide) in paragraph at lines 422--422
[]\T1/fvm/m/n/8 ## Iggy              0     0    0         0     0      1      0
    0        1      0[] 
 []


Overfull \hbox (31.86475pt too wide) in paragraph at lines 422--422
[]\T1/fvm/m/n/8 ## Flozelle          0     0    0         0     0      1      0
    1        0      1[] 
 []


Overfull \hbox (31.86475pt too wide) in paragraph at lines 422--422
[]\T1/fvm/m/n/8 ## Louise            0     0    0         0     0      0      0
    0        1      0[] 
 []

[14] <Figures/networkgraph.pdf, id=474, 794.97pt x 614.295pt>
File: Figures/networkgraph.pdf Graphic file (type pdf)

<use Figures/networkgraph.pdf>
Package pdftex.def Info: Figures/networkgraph.pdf used on input line 439.
(pdftex.def)             Requested size: 302.09174pt x 233.43452pt.

Overfull \hbox (2.09174pt too wide) in paragraph at lines 439--440
[][]  
 []

[15 <D:/Documents/Work and Professional/CSR/Technical Reports/WhyR/Figures/netw
orkgraph.pdf>] <Figures/d3network.png, id=485, 186.6975pt x 190.46156pt>
File: Figures/d3network.png Graphic file (type png)

<use Figures/d3network.png>
Package pdftex.def Info: Figures/d3network.png used on input line 455.
(pdftex.def)             Requested size: 168.02618pt x 171.4138pt.


LaTeX Warning: Marginpar on page 16 moved.


LaTeX Warning: Marginpar on page 16 moved.

[16 <D:/Documents/Work and Professional/CSR/Technical Reports/WhyR/Figures/d3ne
twork.png>]
Overfull \hbox (76.89465pt too wide) in paragraph at lines 502--502
[][]\T1/fvm/m/n/8 subsetData[] []=[] []\T1/fvm/b/n/8 summary[][]\T1/fvm/m/n/8 (
[][]\T1/fvm/b/n/8 tail[][]\T1/fvm/m/n/8 (mydata[[][]\T1/fvm/b/n/8 fitted[][]\T1
/fvm/m/n/8 (modlm)[][]>[][]10[] []&&[] []mydata[][]$[][]Sex[][]==[][]\TS1/fvm/m
/n/8 '\T1/fvm/m/n/8 male\TS1/fvm/m/n/8 '[] []\T1/fvm/m/n/8 |[] []mydata2[][]$[]
[]Mood[][]==[][]\TS1/fvm/m/n/8 '\T1/fvm/m/n/8 blue\TS1/fvm/m/n/8 '[][]\T1/fvm/m
/n/8 ,[][] 
 []


Overfull \hbox (11.3966pt too wide) in paragraph at lines 503--503
[]                                 []\T1/fvm/b/n/8 grep[][]\T1/fvm/m/n/8 ([][]\
TS1/fvm/m/n/8 '\T1/fvm/m/n/8 ^Alf|Webster$\TS1/fvm/m/n/8 '[][]\T1/fvm/m/n/8 ,[]
 []\T1/fvm/b/n/8 colnames[][]\T1/fvm/m/n/8 (mydata))],[] []10[][]))[][] 
 []

[17]

LaTeX Warning: Marginpar on page 18 moved.

[18] <figure/lmResiduals.pdf, id=499, 505.89pt x 505.89pt>
File: figure/lmResiduals.pdf Graphic file (type pdf)

<use figure/lmResiduals.pdf>
Package pdftex.def Info: figure/lmResiduals.pdf used on input line 622.
(pdftex.def)             Requested size: 312.0pt x 312.00435pt.

Overfull \hbox (12.0pt too wide) in paragraph at lines 622--623
[][]  
 []

[19] <figure/lmresplot.pdf, id=505, 505.89pt x 505.89pt>
File: figure/lmresplot.pdf Graphic file (type pdf)

<use figure/lmresplot.pdf>
Package pdftex.def Info: figure/lmresplot.pdf used on input line 634.
(pdftex.def)             Requested size: 152.88171pt x 152.87973pt.
 [20 <D:/Documents/Work and Professional/CSR/Technical Reports/WhyR/figure/lmRe
siduals.pdf> <D:/Documents/Work and Professional/CSR/Technical Reports/WhyR/fig
ure/lmresplot.pdf>]
LaTeX Font Info:    Font shape `T1/fvm/m/n' will be
(Font)              scaled to size 4.25003pt on input line 643.
LaTeX Font Info:    Font shape `T1/fvm/b/n' will be
(Font)              scaled to size 4.25003pt on input line 644.
LaTeX Font Info:    Font shape `T1/fvm/m/it' in size <5> not available
(Font)              Font shape `T1/fvm/m/sl' tried instead on input line 645.
LaTeX Font Info:    Font shape `T1/fvm/m/sl' will be
(Font)              scaled to size 4.25003pt on input line 645.
LaTeX Font Info:    Font shape `TS1/fvm/m/n' will be
(Font)              scaled to size 4.25003pt on input line 706.


LaTeX Warning: Marginpar on page 21 moved.


Overfull \hbox (7.30298pt too wide) in paragraph at lines 717--717
[][]\T1/fvm/b/n/8 predict[][]\T1/fvm/m/n/8 (modlm,[] []\T1/fvm/b/n/8 data.frame
[][]\T1/fvm/m/n/8 ([][]x1[][]=[][]\T1/fvm/b/n/8 seq[][]\T1/fvm/m/n/8 ([][]-[][]
1[][],[][]1[][],[] []by[][]=[][].25[][]),[] []x2[][]=[][]\T1/fvm/b/n/8 quantile
[][]\T1/fvm/m/n/8 (mydata[][]$[][]x2,[] []p[][]=[][].9[][])))[][] 
 []


Overfull \hbox (15.53102pt too wide) in paragraph at lines 737--737
[][]\T1/fvm/m/sl/8 # transform a variable on the fly; no need to explicitly cre
ate the variables if[][] 
 []

LaTeX Font Info:    Font shape `TS1/fvm/m/it' in size <8> not available
(Font)              Font shape `TS1/fvm/m/sl' tried instead on input line 738.
LaTeX Font Info:    Font shape `TS1/fvm/m/sl' will be
(Font)              scaled to size 6.80005pt on input line 738.

Overfull \hbox (15.49023pt too wide) in paragraph at lines 738--738
[][]\T1/fvm/m/sl/8 # you don\TS1/fvm/m/sl/8 '\T1/fvm/m/sl/8 t want to. The last
 one creates a logical variable that\TS1/fvm/m/sl/8 '\T1/fvm/m/sl/8 s true if x
 is[][] 
 []

[21] <Figures/coefCorrplot.pdf, id=524, 505.89pt x 505.89pt>
File: Figures/coefCorrplot.pdf Graphic file (type pdf)

<use Figures/coefCorrplot.pdf>
Package pdftex.def Info: Figures/coefCorrplot.pdf used on input line 760.
(pdftex.def)             Requested size: 177.06415pt x 177.06415pt.


LaTeX Warning: Marginpar on page 22 moved.


LaTeX Warning: Marginpar on page 22 moved.


LaTeX Warning: Marginpar on page 22 moved.

<Figures/"Color as Tile".pdf, id=525, 614.295pt x 794.97pt>
File: Figures/"Color as Tile".pdf Graphic file (type pdf)

<use Figures/"Color as Tile".pdf>
Package pdftex.def Info: Figures/"Color as Tile".pdf used on input line 764.
(pdftex.def)             Requested size: 184.28992pt x 238.49284pt.


LaTeX Warning: Marginpar on page 22 moved.


LaTeX Warning: Marginpar on page 22 moved.

[22 <D:/Documents/Work and Professional/CSR/Technical Reports/WhyR/Figures/coef
Corrplot.pdf> <D:/Documents/Work and Professional/CSR/Technical Reports/WhyR/Fi
gures/Color as Tile.pdf>]

LaTeX Warning: Marginpar on page 23 moved.

<Figures/rhome.pdf, id=2373, 505.89pt x 504.88625pt>
File: Figures/rhome.pdf Graphic file (type pdf)
 <use Figures/rhome.pdf>
Package pdftex.def Info: Figures/rhome.pdf used on input line 816.
(pdftex.def)             Requested size: 126.47218pt x 126.22124pt.


LaTeX Warning: Marginpar on page 23 moved.

<figure/basicvis.pdf, id=2374, 505.89pt x 505.89pt>
File: figure/basicvis.pdf Graphic file (type pdf)
 <use figure/basicvis.pdf>
Package pdftex.def Info: figure/basicvis.pdf used on input line 829.
(pdftex.def)             Requested size: 312.0pt x 312.00435pt.

Overfull \hbox (12.0pt too wide) in paragraph at lines 829--830
[][]  
 []

[23 <D:/Documents/Work and Professional/CSR/Technical Reports/WhyR/Figures/rhom
e.pdf>] <figure/carDemo.pdf, id=2384, 505.89pt x 505.89pt>
File: figure/carDemo.pdf Graphic file (type pdf)

<use figure/carDemo.pdf>
Package pdftex.def Info: figure/carDemo.pdf used on input line 845.
(pdftex.def)             Requested size: 152.88171pt x 152.87973pt.
 [24 <D:/Documents/Work and Professional/CSR/Technical Reports/WhyR/figure/basi
cvis.pdf> <D:/Documents/Work and Professional/CSR/Technical Reports/WhyR/figure
/carDemo.pdf>]
<figure/ggCarScatter1.pdf, id=2400, 505.89pt x 505.89pt>
File: figure/ggCarScatter1.pdf Graphic file (type pdf)

<use figure/ggCarScatter1.pdf>
Package pdftex.def Info: figure/ggCarScatter1.pdf used on input line 870.
(pdftex.def)             Requested size: 152.88171pt x 152.87973pt.

<figure/ggCarScatter2.pdf, id=2401, 505.89pt x 505.89pt>
File: figure/ggCarScatter2.pdf Graphic file (type pdf)

<use figure/ggCarScatter2.pdf>
Package pdftex.def Info: figure/ggCarScatter2.pdf used on input line 871.
(pdftex.def)             Requested size: 152.88171pt x 152.87973pt.

Overfull \hbox (7.98743pt too wide) in paragraph at lines 870--872
[][] []  
 []

<Figures/gam3d.png, id=2402, 840.13875pt x 755.07094pt>
File: Figures/gam3d.png Graphic file (type png)

<use Figures/gam3d.png>
Package pdftex.def Info: Figures/gam3d.png used on input line 885.
(pdftex.def)             Requested size: 210.03416pt x 188.76727pt.
 [25 <D:/Documents/Work and Professional/CSR/Technical Reports/WhyR/figure/ggCa
rScatter1.pdf> <D:/Documents/Work and Professional/CSR/Technical Reports/WhyR/f
igure/ggCarScatter2.pdf> <D:/Documents/Work and Professional/CSR/Technical Repo
rts/WhyR/Figures/gam3d.png>]
<Figures/rstudio.png, id=2426, 952.55875pt x 792.9625pt>
File: Figures/rstudio.png Graphic file (type png)

<use Figures/rstudio.png>
Package pdftex.def Info: Figures/rstudio.png used on input line 903.
(pdftex.def)             Requested size: 238.1391pt x 198.24013pt.
 [26]

LaTeX Warning: Marginpar on page 27 moved.

[27 <D:/Documents/Work and Professional/CSR/Technical Reports/WhyR/Figures/rstu
dio.png>]

LaTeX Warning: Marginpar on page 28 moved.


LaTeX Warning: Marginpar on page 28 moved.

[28]
("D:\Documents\Work and Professional\CSR\Technical Reports\WhyR\metaLaTeX.Rnw"

! Package array Error:  Illegal pream-token (D): `c' used.

See the array package documentation for explanation.
Type  H <return>  for immediate help.
 ...                                              
                                                  
l.9 ...tabular}{@{\extracolsep{5pt}}lD{.}{.}{-3} }
                                                  
Try typing  <return>  to proceed.
If that doesn't work, type  X <return>  to quit.


! Package array Error:  Illegal pream-token (.): `c' used.

See the array package documentation for explanation.
Type  H <return>  for immediate help.
 ...                                              
                                                  
l.9 ...tabular}{@{\extracolsep{5pt}}lD{.}{.}{-3} }
                                                  
Try typing  <return>  to proceed.
If that doesn't work, type  X <return>  to quit.


! Package array Error:  Illegal pream-token (.): `c' used.

See the array package documentation for explanation.
Type  H <return>  for immediate help.
 ...                                              
                                                  
l.9 ...tabular}{@{\extracolsep{5pt}}lD{.}{.}{-3} }
                                                  
Try typing  <return>  to proceed.
If that doesn't work, type  X <return>  to quit.


! Package array Error:  Illegal pream-token (-3): `c' used.

See the array package documentation for explanation.
Type  H <return>  for immediate help.
 ...                                              
                                                  
l.9 ...tabular}{@{\extracolsep{5pt}}lD{.}{.}{-3} }
                                                  
Try typing  <return>  to proceed.
If that doesn't work, type  X <return>  to quit.

! Missing $ inserted.
<inserted text> 
                $
l.13  x1 & 0.867^
                 {***} \\
I've inserted a begin-math/end-math symbol since I think
you left one out. Proceed, with fingers crossed.

! Missing $ inserted.
<inserted text> 
                $
l.14   &
         (0.105) \\
I've inserted something that you may have forgotten.
(See the <inserted text> above.)
With luck, this will get me unwedged. But if you
really didn't forget anything, try typing `2' now; then
my insertion and my current dilemma will both disappear.

! Missing $ inserted.
<inserted text> 
                $
l.15   x2 & 1.024^
                  {***} \\
I've inserted a begin-math/end-math symbol since I think
you left one out. Proceed, with fingers crossed.

! Missing $ inserted.
<inserted text> 
                $
l.16   &
         (0.099) \\
I've inserted something that you may have forgotten.
(See the <inserted text> above.)
With luck, this will get me unwedged. But if you
really didn't forget anything, try typing `2' now; then
my insertion and my current dilemma will both disappear.

)
Overfull \hbox (31.86475pt too wide) in paragraph at lines 971--971
[]\T1/fvm/m/n/8 This is an R Markdown document. Markdown is a simple formatting
 syntax for authoring[] 
 []


Overfull \hbox (23.67749pt too wide) in paragraph at lines 971--971
[]\T1/fvm/m/n/8 When you click the **Knit** button a document will be generated
 that includes both[] 
 []


Overfull \hbox (15.49023pt too wide) in paragraph at lines 971--971
[]\T1/fvm/m/n/8 content as well as the output of any embedded R code chunks wit
hin the document.[] 
 []

[29]
Overfull \hbox (3.20935pt too wide) in paragraph at lines 971--971
[]\T1/fvm/m/n/8 Note that the \TS1/fvm/m/n/8 `\T1/fvm/m/n/8 echo = FALSE\TS1/fv
m/m/n/8 ` \T1/fvm/m/n/8 parameter was added to the code chunk to prevent[] 
 []

<Figures/rmarkdown.png, id=2449, 715.92468pt x 736.25063pt>
File: Figures/rmarkdown.png Graphic file (type png)

<use Figures/rmarkdown.png>
Package pdftex.def Info: Figures/rmarkdown.png used on input line 978.
(pdftex.def)             Requested size: 178.98073pt x 184.0622pt.
LaTeX Font Info:    Try loading font information for TS1+bch on input line 989.

 (D:\Programs\MiKTeX\tex\latex\psnfss\ts1bch.fd
File: ts1bch.fd 2004/10/18 font definitions for TS1/bch.
)
[30 <D:/Documents/Work and Professional/CSR/Technical Reports/WhyR/Figures/rmar
kdown.png>]

LaTeX Warning: Marginpar on page 31 moved.

[31]

LaTeX Warning: Marginpar on page 32 moved.

[32]

Package bibentry Warning: You have used \nobibliography* 
(bibentry)                without a following \bibliography.
(bibentry)                You may not be able to run BibTeX.

Package atveryend Info: Empty hook `BeforeClearDocument' on input line 1062.
[33]
Package atveryend Info: Empty hook `AfterLastShipout' on input line 1062.
 ("D:\Documents\Work and Professional\CSR\Technical Reports\WhyR\DDR.aux")
Package atveryend Info: Executing hook `AtVeryEndDocument' on input line 1062.
Package atveryend Info: Executing hook `AtEndAfterFileList' on input line 1062.

Package rerunfilecheck Info: File `DDR.out' has not changed.
(rerunfilecheck)             Checksum: 7114272AA66B858DC8CAD0469212DD4C;4048.
Package atveryend Info: Empty hook `AtVeryVeryEnd' on input line 1062.
 ) 
Here is how much of TeX's memory you used:
 14638 strings out of 493921
 204350 string characters out of 3150901
 315996 words of memory out of 3000000
 17537 multiletter control sequences out of 15000+200000
 96525 words of font info for 113 fonts, out of 3000000 for 9000
 841 hyphenation exceptions out of 8191
 36i,12n,45p,1718b,565s stack positions out of 5000i,500n,10000p,200000b,50000s
{D:/Programs/MiKTeX/fonts/enc/dvips/fontname/8r.enc}<D:/Programs/MiKTeX/fonts
/type1/bitstrea/charter/bchb8a.pfb><D:/Programs/MiKTeX/fonts/type1/bitstrea/cha
rter/bchbi8a.pfb><D:/Programs/MiKTeX/fonts/type1/bitstrea/charter/bchr8a.pfb><D
:/Programs/MiKTeX/fonts/type1/bitstrea/charter/bchri8a.pfb><D:/Programs/MiKTeX/
fonts/type1/public/amsfonts/cm/cmmi10.pfb><D:/Programs/MiKTeX/fonts/type1/publi
c/amsfonts/cm/cmsy10.pfb><D:/Programs/MiKTeX/fonts/type1/bera/fvmb8a.pfb><D:/Pr
ograms/MiKTeX/fonts/type1/bera/fvmr8a.pfb><D:/Programs/MiKTeX/fonts/type1/bera/
fvmro8a.pfb><D:/Programs/MiKTeX/fonts/type1/urw/helvetic/uhvr8a.pfb>
Output written on DDR.pdf (33 pages, 5120812 bytes).
PDF statistics:
 2520 PDF objects out of 2984 (max. 8388607)
 64 named destinations out of 1000 (max. 500000)
 2901 words of extra memory for PDF output out of 10000 (max. 10000000)

